<?xml version="1.0" encoding="UTF-8"?>
<!-- Generated by org.testng.reporters.JUnitReportReporter -->
<testsuite hostname="Vishnu" name="Org.Project.SpiceJet_Test.HomePageTest" tests="1" failures="0" timestamp="22 Feb 2017 16:47:52 GMT" time="323.927" errors="0">
  <testcase name="verifyAllState" time="323.927" classname="Org.Project.SpiceJet_Test.HomePageTest"/>
</testsuite> <!-- Org.Project.SpiceJet_Test.HomePageTest -->
